[debug] [2024-12-04T14:23:57.772Z] ----------------------------------------------------------------------
[debug] [2024-12-04T14:23:57.777Z] Command:       C:\Program Files\nodejs\node.exe C:\Users\Administrator\AppData\Roaming\npm\node_modules\firebase-tools\lib\bin\firebase.js init hosting
[debug] [2024-12-04T14:23:57.778Z] CLI Version:   13.27.0
[debug] [2024-12-04T14:23:57.778Z] Platform:      win32
[debug] [2024-12-04T14:23:57.778Z] Node Version:  v20.17.0
[debug] [2024-12-04T14:23:57.779Z] Time:          Wed Dec 04 2024 11:23:57 GMT-0300 (Horário Padrão de Brasília)
[debug] [2024-12-04T14:23:57.779Z] ----------------------------------------------------------------------
[debug] 
[debug] [2024-12-04T14:23:57.791Z] > command requires scopes: ["email","openid","https://www.googleapis.com/auth/cloudplatformprojects.readonly","https://www.googleapis.com/auth/firebase","https://www.googleapis.com/auth/cloud-platform"]
[debug] [2024-12-04T14:23:57.791Z] > authorizing via signed-in user (luizvp6@gmail.com)
[info] 
     ######## #### ########  ######## ########     ###     ######  ########
     ##        ##  ##     ## ##       ##     ##  ##   ##  ##       ##
     ######    ##  ########  ######   ########  #########  ######  ######
     ##        ##  ##    ##  ##       ##     ## ##     ##       ## ##
     ##       #### ##     ## ######## ########  ##     ##  ######  ########

You're about to initialize a Firebase project in this directory:

  C:\Users\Administrator\Documents\Projeto\socialv-lite

[info] 
=== Project Setup
[info] 
[info] First, let's associate this project directory with a Firebase project.
[info] You can create multiple project aliases by running firebase use --add, 
[info] but for now we'll just set up a default project.
[info] 
[debug] [2024-12-04T14:24:03.438Z] Checked if tokens are valid: true, expires at: 1733325012814
[debug] [2024-12-04T14:24:03.438Z] Checked if tokens are valid: true, expires at: 1733325012814
[debug] [2024-12-04T14:24:03.441Z] >>> [apiv2][query] GET https://firebase.googleapis.com/v1beta1/projects pageSize=100
[debug] [2024-12-04T14:24:04.167Z] <<< [apiv2][status] GET https://firebase.googleapis.com/v1beta1/projects 200
[debug] [2024-12-04T14:24:04.167Z] <<< [apiv2][body] GET https://firebase.googleapis.com/v1beta1/projects [omitted]
[info] i  Using project cuidar-62827 (Cuidar) 
[info] 
=== Hosting Setup
[debug] [2024-12-04T14:24:05.148Z] Checked if tokens are valid: true, expires at: 1733325012814
[debug] [2024-12-04T14:24:05.148Z] Checked if tokens are valid: true, expires at: 1733325012814
[debug] [2024-12-04T14:24:05.148Z] >>> [apiv2][query] GET https://firebase.googleapis.com/v1beta1/projects/cuidar-62827 [none]
[debug] [2024-12-04T14:24:05.496Z] <<< [apiv2][status] GET https://firebase.googleapis.com/v1beta1/projects/cuidar-62827 200
[debug] [2024-12-04T14:24:05.497Z] <<< [apiv2][body] GET https://firebase.googleapis.com/v1beta1/projects/cuidar-62827 {"projectId":"cuidar-62827","projectNumber":"1016324859932","displayName":"Cuidar","name":"projects/cuidar-62827","resources":{"hostingSite":"cuidar-62827"},"state":"ACTIVE","etag":"1_69a285c9-8d66-437d-b331-858cf5057656"}
[info] 
[info] Your public directory is the folder (relative to your project directory) that
[info] will contain Hosting assets to be uploaded with firebase deploy. If you
[info] have a build process for your assets, use your build's output directory.
[info] 
[debug] [2024-12-04T14:24:14.315Z] >>> [apiv2][query] GET https://www.gstatic.com/firebasejs/releases.json [none]
[debug] [2024-12-04T14:24:14.872Z] <<< [apiv2][status] GET https://www.gstatic.com/firebasejs/releases.json 200
[debug] [2024-12-04T14:24:14.872Z] <<< [apiv2][body] GET https://www.gstatic.com/firebasejs/releases.json {"current":{"version":"11.0.2","browserURL":"https://www.gstatic.com/firebasejs/11.0.2/firebase.js","packageURL":"https://www.gstatic.com/firebasejs/11.0.2/firebase.tgz"},"live":{"version":"11.0","browserURL":"https://www.gstatic.com/firebasejs/live/11.0/firebase.js","packageURL":"https://www.gstatic.com/firebasejs/live/11.0/firebase.tgz"},"components":{"analytics":"https://www.gstatic.com/firebasejs/11.0.2/firebase-analytics.js","app":"https://www.gstatic.com/firebasejs/11.0.2/firebase-app.js","app-check":"https://www.gstatic.com/firebasejs/11.0.2/firebase-app-check.js","auth":"https://www.gstatic.com/firebasejs/11.0.2/firebase-auth.js","auth/cordova":"https://www.gstatic.com/firebasejs/11.0.2/firebase-auth/cordova.js","auth/web-extension":"https://www.gstatic.com/firebasejs/11.0.2/firebase-auth/web-extension.js","functions":"https://www.gstatic.com/firebasejs/11.0.2/firebase-functions.js","firestore":"https://www.gstatic.com/firebasejs/11.0.2/firebase-firestore.js","firestore/lite":"https://www.gstatic.com/firebasejs/11.0.2/firebase-firestore/lite.js","installations":"https://www.gstatic.com/firebasejs/11.0.2/firebase-installations.js","storage":"https://www.gstatic.com/firebasejs/11.0.2/firebase-storage.js","performance":"https://www.gstatic.com/firebasejs/11.0.2/firebase-performance.js","remote-config":"https://www.gstatic.com/firebasejs/11.0.2/firebase-remote-config.js","messaging":"https://www.gstatic.com/firebasejs/11.0.2/firebase-messaging.js","messaging/sw":"https://www.gstatic.com/firebasejs/11.0.2/firebase-messaging/sw.js","database":"https://www.gstatic.com/firebasejs/11.0.2/firebase-database.js","vertexai":"https://www.gstatic.com/firebasejs/11.0.2/firebase-vertexai.js","data-connect":"https://www.gstatic.com/firebasejs/11.0.2/firebase-data-connect.js","firestore.memory":"https://www.gstatic.com/firebasejs/11.0.2/firebase-firestore.memory.js"}}
[info] i  public/index.html is unchanged 
[info] 
[info] i  Didn't detect a .git folder. Assuming C:\Users\Administrator\Documents\Projeto\socialv-lite is the project root. 
[info] i  Authorizing with GitHub to upload your service account to a GitHub repository's secrets store. 
[info] 
[info] Visit this URL on this device to log in:
[info] https://github.com/login/oauth/authorize?client_id=89cf50f02ac6aaed3484&state=158424494&redirect_uri=http%3A%2F%2Flocalhost%3A9005&scope=read%3Auser%20repo%20public_repo
[info] 
[info] Waiting for authentication...
[debug] [2024-12-04T14:24:30.268Z] >>> [apiv2][query] POST https://github.com/login/oauth/access_token [none]
[debug] [2024-12-04T14:24:30.268Z] >>> [apiv2][body] POST https://github.com/login/oauth/access_token [stream]
[debug] [2024-12-04T14:24:30.528Z] <<< [apiv2][status] POST https://github.com/login/oauth/access_token 200
[debug] [2024-12-04T14:24:30.528Z] <<< [apiv2][body] POST https://github.com/login/oauth/access_token {"access_token":"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","token_type":"bearer","scope":"read:user,repo"}
[debug] [2024-12-04T14:24:30.540Z] >>> [apiv2][query] GET https://api.github.com/user [none]
[debug] [2024-12-04T14:24:30.839Z] <<< [apiv2][status] GET https://api.github.com/user 200
[debug] [2024-12-04T14:24:30.839Z] <<< [apiv2][body] GET https://api.github.com/user {"login":"Luizvp2","id":118588109,"node_id":"U_kgDOBxGCzQ","avatar_url":"https://avatars.githubusercontent.com/u/118588109?v=4","gravatar_id":"","url":"https://api.github.com/users/Luizvp2","html_url":"https://github.com/Luizvp2","followers_url":"https://api.github.com/users/Luizvp2/followers","following_url":"https://api.github.com/users/Luizvp2/following{/other_user}","gists_url":"https://api.github.com/users/Luizvp2/gists{/gist_id}","starred_url":"https://api.github.com/users/Luizvp2/starred{/owner}{/repo}","subscriptions_url":"https://api.github.com/users/Luizvp2/subscriptions","organizations_url":"https://api.github.com/users/Luizvp2/orgs","repos_url":"https://api.github.com/users/Luizvp2/repos","events_url":"https://api.github.com/users/Luizvp2/events{/privacy}","received_events_url":"https://api.github.com/users/Luizvp2/received_events","type":"User","user_view_type":"private","site_admin":false,"name":"LUIZ RICARDO DA SILVA","company":"meu","blog":"","location":null,"email":null,"hireable":true,"bio":"👋  Olá, eu sou um desenvolvedor Front End apaixonado pelo que faz!","twitter_username":null,"notification_email":null,"public_repos":7,"public_gists":0,"followers":0,"following":2,"created_at":"2022-11-19T05:27:03Z","updated_at":"2024-12-04T13:46:32Z","private_gists":0,"total_private_repos":0,"owned_private_repos":0,"disk_usage":3099,"collaborators":0,"two_factor_authentication":false,"plan":{"name":"free","space":976562499,"collaborators":0,"private_repos":10000}}
[info] 
[info] +  Success! Logged into GitHub as Luizvp2 
[info] 
